2021-01-01 00:19:44,808 - posts - INFO - Post Data Creating..
2021-01-01 00:19:44,992 - posts - INFO - 50 Post Data Created
2021-01-01 00:20:41,820 - posts - INFO - Post Data Creating..
2021-01-01 00:20:41,992 - posts - INFO - 50 Post Data Created
2021-01-01 16:03:21,278 - posts - INFO - Post Data Creating..
2021-01-01 16:03:21,278 - posts - INFO - Post Creation Error: Post() got an unexpected keyword argument 'user_model'
2021-01-01 16:03:53,150 - posts - INFO - Post Data Creating..
2021-01-01 16:03:53,195 - posts - INFO - Post Creation Error: Post() got an unexpected keyword argument 'user_model'
2021-01-01 16:09:41,965 - posts - INFO - Post Data Creating..
2021-01-01 16:09:41,967 - posts - INFO - Post Creation Error: Cannot assign "<QuerySet [<User: asahu>, <User: amy31>, <User: hickmanphillip>, <User: yyoung>, <User: westdonna>, <User: vhughes>, <User: hannah98>, <User: zpadilla>, <User: qwatson>, <User: saracontreras>, <User: jimmy45>]>": "Post.user" must be a "User" instance.
2021-01-01 16:11:51,846 - posts - INFO - Post Data Creating..
2021-01-01 16:11:51,847 - posts - INFO - Post Creation Error: Cannot assign "<QuerySet [<User: asahu>, <User: amy31>, <User: hickmanphillip>, <User: yyoung>, <User: westdonna>, <User: vhughes>, <User: hannah98>, <User: zpadilla>, <User: qwatson>, <User: saracontreras>, <User: jimmy45>]>": "Post.user" must be a "User" instance.
2021-01-01 16:12:17,702 - posts - INFO - Post Data Creating..
2021-01-01 16:12:17,748 - posts - INFO - Post Creation Error: Post() got an unexpected keyword argument 'fake'
2021-01-01 16:13:18,250 - posts - INFO - Post Data Creating..
2021-01-01 16:13:18,292 - posts - INFO - Post Creation Error: Post() got an unexpected keyword argument 'fake'
2021-01-01 16:13:39,662 - posts - INFO - Post Data Creating..
2021-01-01 16:13:39,804 - posts - INFO - 50 Post Data Created
2021-01-01 16:16:07,401 - posts - INFO - Post Data Creating..
2021-01-01 16:16:07,558 - posts - INFO - 50 Post Data Created
2021-01-01 16:19:58,120 - posts - INFO - Post Data Creating..
2021-01-01 16:19:58,146 - posts - INFO - 50 Post Data Created
2021-01-01 16:23:10,953 - posts - INFO - Post Data Creating..
2021-01-01 16:23:10,957 - posts - INFO - Post Creation Error: __str__ returned non-string (type Faker)
2021-01-01 16:27:53,624 - posts - INFO - Post Data Creating..
2021-01-01 16:27:53,690 - posts - INFO - 50 Post Data Created
2021-01-01 16:28:26,672 - posts - INFO - Post Data Creating..
2021-01-01 16:28:26,676 - posts - INFO - Post Creation Error: __str__ returned non-string (type Faker)
2021-01-01 16:30:53,560 - posts - INFO - Post Data Creating..
2021-01-01 16:30:53,636 - posts - INFO - 50 Post Data Created
2021-01-01 16:33:06,471 - posts - INFO - Post Data Creating..
2021-01-01 16:33:06,474 - posts - INFO - Post Creation Error: expected string or bytes-like object
2021-01-01 16:35:59,655 - posts - INFO - Post Data Creating..
2021-01-01 16:35:59,658 - posts - INFO - Post Creation Error: __str__ returned non-string (type Faker)
2021-01-01 16:37:07,006 - posts - INFO - Post Data Creating..
2021-01-01 16:37:07,036 - posts - INFO - Post Creation Error: decoding to str: need a bytes-like object, Faker found
2021-01-01 16:42:03,996 - posts - INFO - Post Data Creating..
2021-01-01 16:42:04,404 - posts - INFO - 50 Post Data Created
2021-01-01 16:44:21,022 - posts - INFO - Post Data Creating..
2021-01-01 16:44:21,026 - posts - INFO - Post Creation Error: 'PostManager' object has no attribute 'create_bulk'
2021-01-01 16:46:48,947 - posts - INFO - Post Data Creating..
2021-01-01 16:46:48,986 - posts - INFO - Post Creation Error: UNIQUE constraint failed: posts_post.slug
2021-01-01 16:47:20,688 - posts - INFO - Post Data Creating..
2021-01-01 16:47:20,789 - posts - INFO - Post Creation Error: UNIQUE constraint failed: posts_post.slug
2021-01-01 16:48:03,771 - posts - INFO - Post Data Creating..
2021-01-01 16:48:04,194 - posts - INFO - 50 Post Data Created
2021-01-07 23:51:42,056 - posts - INFO - 50 posts listed.
2021-01-07 23:59:05,500 - posts - INFO - asahu created asahu.
2021-01-07 23:59:59,153 - posts - INFO - asahu created tbajs.
2021-01-08 00:00:47,191 - posts - INFO - asahu commented This is a description of the video post. You can also have an image instead of the video. You can free download Xtra Blog Template from TemplateMo website. Phasellus maximus quis est sit amet maximus. Vestibulum vel rutrum lorem, ac sodales augue. Aliquam erat volutpat. Duis lectus orci, blandit in arcu est, elementum tincidunt lectus. Praesent vel justo tempor, varius lacus a, pharetra lacus..
2021-01-08 00:02:39,505 - posts - INFO - asahu updated New Lenovo.
2021-01-08 00:03:47,467 - posts - INFO - 50 posts listed.
2021-01-08 00:04:03,376 - posts - INFO - 50 posts listed.
2021-01-08 00:04:11,659 - posts - INFO - SHARAD deleted New Lenovo.
2021-01-08 00:04:11,687 - posts - INFO - SHARAD listed 0 posts.
2021-01-08 00:09:04,780 - posts - INFO - 49 posts listed.
2021-01-08 00:09:40,081 - posts - INFO - 49 posts listed.
2021-01-08 00:09:51,440 - posts - INFO - 49 posts listed.
2021-01-08 00:15:25,462 - posts - INFO - 49 posts listed.
2021-01-08 00:15:42,075 - posts - INFO - Post created.
2021-01-08 00:16:58,622 - posts - INFO - asahu deleted Lenovo Group Limited.
2021-01-08 00:16:58,684 - posts - INFO - asahu listed 2 posts.
2021-01-08 00:17:08,816 - posts - INFO - Post created.
2021-01-08 00:18:14,930 - posts - INFO - asahu deleted Lenovo Group Limited.
2021-01-08 00:18:14,960 - posts - INFO - asahu listed 2 posts.
2021-01-08 00:18:23,630 - posts - INFO - Post created by asahu with title Lenovo Group Limited
2021-01-08 00:18:42,905 - posts - INFO - asahu commented yvuvyyuvlv.
2021-01-08 00:19:48,440 - posts - INFO - asahu commented dfhrhrhjr.
2021-01-08 00:23:52,811 - posts - INFO - 50 posts listed.
2021-01-08 00:24:04,846 - posts - INFO - 50 posts listed.
2021-01-08 00:24:13,351 - posts - INFO - 50 posts listed.
2021-01-08 00:24:30,073 - posts - INFO - 50 posts listed.
2021-01-08 00:24:37,180 - posts - INFO - asahu deleted Lenovo Group Limited.
2021-01-08 00:24:37,211 - posts - INFO - asahu listed 2 posts.
2021-01-08 00:25:53,697 - posts - INFO - 49 posts listed.
